<?xml version="1.0" encoding="UTF-8"?>
<!-- Generated by org.testng.reporters.JUnitReportReporter -->
<testsuite hostname="DESKTOP-QQHRHMJ" failures="0" tests="2" name="principal.AgriTest" time="17.123" errors="0" timestamp="2025-05-22T12:23:45 CLT" skipped="1">
  <testcase classname="principal.AgriTest" name="inicioSesionAgriTest" time="17.123"/>
  <testcase classname="principal.AgriTest" name="resumenTest">
    <skipped/>
  </testcase> <!-- resumenTest -->
</testsuite> <!-- principal.AgriTest -->
